<?xml version="1.0" encoding="UTF-8"?>
<!-- Generated by org.testng.reporters.JUnitReportReporter -->
<testsuite hostname="DESKTOP-U5B1BD3" failures="0" tests="1" name="com.flow.window_handling" time="63.967" errors="0" timestamp="2023-03-28T15:15:30 IST" skipped="0">
  <testcase classname="com.flow.window_handling" name="newtab" time="63.967"/>
  <system-out/>
</testsuite> <!-- com.flow.window_handling -->
