<?xml version="1.0" encoding="UTF-8"?>
<!-- Generated by org.testng.reporters.JUnitReportReporter -->
<testsuite hostname="DESKTOP-U5B1BD3" failures="0" tests="1" name="com.flow.cicd_flow" time="64.143" errors="0" timestamp="2023-03-27T10:04:06 IST" skipped="0">
  <testcase classname="com.flow.cicd_flow" name="launch" time="64.143"/>
  <system-out/>
</testsuite> <!-- com.flow.cicd_flow -->
