<?xml version="1.0" encoding="UTF-8"?>
<!-- Generated by org.testng.reporters.JUnitReportReporter -->
<testsuite hostname="DESKTOP-U5B1BD3" failures="0" tests="1" name="com.flow.screen_Shot" time="103.647" errors="0" timestamp="2023-03-27T16:30:27 IST" skipped="0">
  <testcase classname="com.flow.screen_Shot" name="screen" time="103.647"/>
  <system-out/>
</testsuite> <!-- com.flow.screen_Shot -->
