<?xml version="1.0" encoding="UTF-8"?>
<!-- Generated by org.testng.reporters.JUnitReportReporter -->
<testsuite hostname="DESKTOP-U5B1BD3" failures="0" tests="1" name="com.flow.tooltip" time="61.753" errors="0" timestamp="2023-03-27T17:23:46 IST" skipped="0">
  <testcase classname="com.flow.tooltip" name="tiptext" time="61.753"/>
  <system-out/>
</testsuite> <!-- com.flow.tooltip -->
