<?xml version="1.0" encoding="UTF-8"?>
<!-- Generated by org.testng.reporters.JUnitReportReporter -->
<testsuite hostname="DESKTOP-U5B1BD3" failures="0" tests="1" name="com.flow.window_Handles" time="86.320" errors="0" timestamp="2023-03-27T10:55:30 IST" skipped="0">
  <testcase classname="com.flow.window_Handles" name="launch" time="86.320"/>
  <system-out/>
</testsuite> <!-- com.flow.window_Handles -->
