<?xml version="1.0" encoding="UTF-8"?>
<!-- Generated by org.testng.reporters.JUnitReportReporter -->
<testsuite hostname="DESKTOP-U5B1BD3" failures="0" tests="1" name="com.flow.basic_auth" time="74.955" errors="0" timestamp="2023-03-27T10:11:11 IST" skipped="0">
  <testcase classname="com.flow.basic_auth" name="launch" time="74.955"/>
  <system-out/>
</testsuite> <!-- com.flow.basic_auth -->
