<?xml version="1.0" encoding="UTF-8"?>
<!-- Generated by org.testng.reporters.JUnitReportReporter -->
<testsuite hostname="DESKTOP-U5B1BD3" failures="0" tests="1" name="com.flow.handling_Cookie" time="42.891" errors="0" timestamp="2023-03-27T13:18:39 IST" skipped="0">
  <testcase classname="com.flow.handling_Cookie" name="launch" time="42.891"/>
  <system-out/>
</testsuite> <!-- com.flow.handling_Cookie -->
